<?xml version="1.0" encoding="UTF-8"?><testsuite xmlns:xsi="http://www.w3.org/2001/XMLSchema-instance" xsi:noNamespaceSchemaLocation="https://maven.apache.org/surefire/maven-surefire-plugin/xsd/surefire-test-report.xsd" version="3.0.2" name="com.example.springmaven.ApplicationTest" time="2.245" tests="2" errors="0" skipped="0" failures="0">
  <properties>
    <property name="java.specification.version" value="21"/>
    <property name="sun.jnu.encoding" value="UTF-8"/>
    <property name="java.class.path" value="/Users/anthonygnolan/Developer/anthonygnolan/spring-maven/target/test-classes:/Users/anthonygnolan/Developer/anthonygnolan/spring-maven/target/classes:/Users/anthonygnolan/.m2/repository/org/springframework/boot/spring-boot-starter-hateoas/3.5.5/spring-boot-starter-hateoas-3.5.5.jar:/Users/anthonygnolan/.m2/repository/org/springframework/hateoas/spring-hateoas/2.5.1/spring-hateoas-2.5.1.jar:/Users/anthonygnolan/.m2/repository/org/springframework/spring-aop/6.2.10/spring-aop-6.2.10.jar:/Users/anthonygnolan/.m2/repository/org/springframework/spring-beans/6.2.10/spring-beans-6.2.10.jar:/Users/anthonygnolan/.m2/repository/org/springframework/spring-context/6.2.10/spring-context-6.2.10.jar:/Users/anthonygnolan/.m2/repository/org/springframework/plugin/spring-plugin-core/3.0.0/spring-plugin-core-3.0.0.jar:/Users/anthonygnolan/.m2/repository/org/slf4j/slf4j-api/2.0.17/slf4j-api-2.0.17.jar:/Users/anthonygnolan/.m2/repository/org/springframework/boot/spring-boot-starter-web/3.5.5/spring-boot-starter-web-3.5.5.jar:/Users/anthonygnolan/.m2/repository/org/springframework/boot/spring-boot-starter/3.5.5/spring-boot-starter-3.5.5.jar:/Users/anthonygnolan/.m2/repository/org/springframework/boot/spring-boot/3.5.5/spring-boot-3.5.5.jar:/Users/anthonygnolan/.m2/repository/org/springframework/boot/spring-boot-autoconfigure/3.5.5/spring-boot-autoconfigure-3.5.5.jar:/Users/anthonygnolan/.m2/repository/org/springframework/boot/spring-boot-starter-logging/3.5.5/spring-boot-starter-logging-3.5.5.jar:/Users/anthonygnolan/.m2/repository/ch/qos/logback/logback-classic/1.5.18/logback-classic-1.5.18.jar:/Users/anthonygnolan/.m2/repository/ch/qos/logback/logback-core/1.5.18/logback-core-1.5.18.jar:/Users/anthonygnolan/.m2/repository/org/apache/logging/log4j/log4j-to-slf4j/2.24.3/log4j-to-slf4j-2.24.3.jar:/Users/anthonygnolan/.m2/repository/org/apache/logging/log4j/log4j-api/2.24.3/log4j-api-2.24.3.jar:/Users/anthonygnolan/.m2/repository/org/slf4j/jul-to-slf4j/2.0.17/jul-to-slf4j-2.0.17.jar:/Users/anthonygnolan/.m2/repository/jakarta/annotation/jakarta.annotation-api/2.1.1/jakarta.annotation-api-2.1.1.jar:/Users/anthonygnolan/.m2/repository/org/yaml/snakeyaml/2.4/snakeyaml-2.4.jar:/Users/anthonygnolan/.m2/repository/org/springframework/boot/spring-boot-starter-json/3.5.5/spring-boot-starter-json-3.5.5.jar:/Users/anthonygnolan/.m2/repository/com/fasterxml/jackson/core/jackson-databind/2.19.2/jackson-databind-2.19.2.jar:/Users/anthonygnolan/.m2/repository/com/fasterxml/jackson/core/jackson-annotations/2.19.2/jackson-annotations-2.19.2.jar:/Users/anthonygnolan/.m2/repository/com/fasterxml/jackson/core/jackson-core/2.19.2/jackson-core-2.19.2.jar:/Users/anthonygnolan/.m2/repository/com/fasterxml/jackson/datatype/jackson-datatype-jdk8/2.19.2/jackson-datatype-jdk8-2.19.2.jar:/Users/anthonygnolan/.m2/repository/com/fasterxml/jackson/datatype/jackson-datatype-jsr310/2.19.2/jackson-datatype-jsr310-2.19.2.jar:/Users/anthonygnolan/.m2/repository/com/fasterxml/jackson/module/jackson-module-parameter-names/2.19.2/jackson-module-parameter-names-2.19.2.jar:/Users/anthonygnolan/.m2/repository/org/springframework/boot/spring-boot-starter-tomcat/3.5.5/spring-boot-starter-tomcat-3.5.5.jar:/Users/anthonygnolan/.m2/repository/org/apache/tomcat/embed/tomcat-embed-core/10.1.44/tomcat-embed-core-10.1.44.jar:/Users/anthonygnolan/.m2/repository/org/apache/tomcat/embed/tomcat-embed-el/10.1.44/tomcat-embed-el-10.1.44.jar:/Users/anthonygnolan/.m2/repository/org/apache/tomcat/embed/tomcat-embed-websocket/10.1.44/tomcat-embed-websocket-10.1.44.jar:/Users/anthonygnolan/.m2/repository/org/springframework/spring-web/6.2.10/spring-web-6.2.10.jar:/Users/anthonygnolan/.m2/repository/io/micrometer/micrometer-observation/1.15.3/micrometer-observation-1.15.3.jar:/Users/anthonygnolan/.m2/repository/io/micrometer/micrometer-commons/1.15.3/micrometer-commons-1.15.3.jar:/Users/anthonygnolan/.m2/repository/org/springframework/spring-webmvc/6.2.10/spring-webmvc-6.2.10.jar:/Users/anthonygnolan/.m2/repository/org/springframework/spring-expression/6.2.10/spring-expression-6.2.10.jar:/Users/anthonygnolan/.m2/repository/org/springframework/boot/spring-boot-starter-test/3.5.5/spring-boot-starter-test-3.5.5.jar:/Users/anthonygnolan/.m2/repository/org/springframework/boot/spring-boot-test/3.5.5/spring-boot-test-3.5.5.jar:/Users/anthonygnolan/.m2/repository/org/springframework/boot/spring-boot-test-autoconfigure/3.5.5/spring-boot-test-autoconfigure-3.5.5.jar:/Users/anthonygnolan/.m2/repository/com/jayway/jsonpath/json-path/2.9.0/json-path-2.9.0.jar:/Users/anthonygnolan/.m2/repository/jakarta/xml/bind/jakarta.xml.bind-api/4.0.2/jakarta.xml.bind-api-4.0.2.jar:/Users/anthonygnolan/.m2/repository/jakarta/activation/jakarta.activation-api/2.1.3/jakarta.activation-api-2.1.3.jar:/Users/anthonygnolan/.m2/repository/net/minidev/json-smart/2.5.2/json-smart-2.5.2.jar:/Users/anthonygnolan/.m2/repository/net/minidev/accessors-smart/2.5.2/accessors-smart-2.5.2.jar:/Users/anthonygnolan/.m2/repository/org/ow2/asm/asm/9.7.1/asm-9.7.1.jar:/Users/anthonygnolan/.m2/repository/org/assertj/assertj-core/3.27.4/assertj-core-3.27.4.jar:/Users/anthonygnolan/.m2/repository/net/bytebuddy/byte-buddy/1.17.7/byte-buddy-1.17.7.jar:/Users/anthonygnolan/.m2/repository/org/awaitility/awaitility/4.2.2/awaitility-4.2.2.jar:/Users/anthonygnolan/.m2/repository/org/hamcrest/hamcrest/3.0/hamcrest-3.0.jar:/Users/anthonygnolan/.m2/repository/org/junit/jupiter/junit-jupiter/5.12.2/junit-jupiter-5.12.2.jar:/Users/anthonygnolan/.m2/repository/org/junit/jupiter/junit-jupiter-api/5.12.2/junit-jupiter-api-5.12.2.jar:/Users/anthonygnolan/.m2/repository/org/opentest4j/opentest4j/1.3.0/opentest4j-1.3.0.jar:/Users/anthonygnolan/.m2/repository/org/junit/jupiter/junit-jupiter-params/5.12.2/junit-jupiter-params-5.12.2.jar:/Users/anthonygnolan/.m2/repository/org/junit/jupiter/junit-jupiter-engine/5.12.2/junit-jupiter-engine-5.12.2.jar:/Users/anthonygnolan/.m2/repository/org/junit/platform/junit-platform-engine/1.12.2/junit-platform-engine-1.12.2.jar:/Users/anthonygnolan/.m2/repository/org/mockito/mockito-core/5.17.0/mockito-core-5.17.0.jar:/Users/anthonygnolan/.m2/repository/net/bytebuddy/byte-buddy-agent/1.17.7/byte-buddy-agent-1.17.7.jar:/Users/anthonygnolan/.m2/repository/org/objenesis/objenesis/3.3/objenesis-3.3.jar:/Users/anthonygnolan/.m2/repository/org/mockito/mockito-junit-jupiter/5.17.0/mockito-junit-jupiter-5.17.0.jar:/Users/anthonygnolan/.m2/repository/org/skyscreamer/jsonassert/1.5.3/jsonassert-1.5.3.jar:/Users/anthonygnolan/.m2/repository/com/vaadin/external/google/android-json/0.0.20131108.vaadin1/android-json-0.0.20131108.vaadin1.jar:/Users/anthonygnolan/.m2/repository/org/springframework/spring-core/6.2.10/spring-core-6.2.10.jar:/Users/anthonygnolan/.m2/repository/org/springframework/spring-jcl/6.2.10/spring-jcl-6.2.10.jar:/Users/anthonygnolan/.m2/repository/org/springframework/spring-test/6.2.10/spring-test-6.2.10.jar:/Users/anthonygnolan/.m2/repository/org/xmlunit/xmlunit-core/2.10.3/xmlunit-core-2.10.3.jar:/Users/anthonygnolan/.m2/repository/org/springframework/restdocs/spring-restdocs-mockmvc/3.0.5/spring-restdocs-mockmvc-3.0.5.jar:/Users/anthonygnolan/.m2/repository/org/springframework/restdocs/spring-restdocs-core/3.0.5/spring-restdocs-core-3.0.5.jar:/Users/anthonygnolan/.m2/repository/jakarta/servlet/jakarta.servlet-api/6.0.0/jakarta.servlet-api-6.0.0.jar:/Users/anthonygnolan/.m2/repository/org/junit/platform/junit-platform-suite-api/6.0.0-RC1/junit-platform-suite-api-6.0.0-RC1.jar:/Users/anthonygnolan/.m2/repository/org/junit/platform/junit-platform-commons/1.12.2/junit-platform-commons-1.12.2.jar:/Users/anthonygnolan/.m2/repository/org/apiguardian/apiguardian-api/1.1.2/apiguardian-api-1.1.2.jar:/Users/anthonygnolan/.m2/repository/org/jspecify/jspecify/1.0.0/jspecify-1.0.0.jar:"/>
    <property name="java.vm.vendor" value="Amazon.com Inc."/>
    <property name="sun.arch.data.model" value="64"/>
    <property name="catalina.useNaming" value="false"/>
    <property name="java.vendor.url" value="https://aws.amazon.com/corretto/"/>
    <property name="user.timezone" value="Europe/Dublin"/>
    <property name="os.name" value="Mac OS X"/>
    <property name="java.vm.specification.version" value="21"/>
    <property name="user.country" value="IE"/>
    <property name="sun.java.launcher" value="SUN_STANDARD"/>
    <property name="sun.boot.library.path" value="/Users/anthonygnolan/Library/Java/JavaVirtualMachines/corretto-21.0.8/Contents/Home/lib"/>
    <property name="sun.java.command" value="/Users/anthonygnolan/Developer/anthonygnolan/spring-maven/target/surefire/surefirebooter-20250823173324217_3.jar /Users/anthonygnolan/Developer/anthonygnolan/spring-maven/target/surefire 2025-08-23T17-33-24_173-jvmRun1 surefire-20250823173324217_1tmp surefire_0-20250823173324217_2tmp"/>
    <property name="http.nonProxyHosts" value="local|*.local|169.254/16|*.169.254/16"/>
    <property name="jdk.debug" value="release"/>
    <property name="surefire.test.class.path" value="/Users/anthonygnolan/Developer/anthonygnolan/spring-maven/target/test-classes:/Users/anthonygnolan/Developer/anthonygnolan/spring-maven/target/classes:/Users/anthonygnolan/.m2/repository/org/springframework/boot/spring-boot-starter-hateoas/3.5.5/spring-boot-starter-hateoas-3.5.5.jar:/Users/anthonygnolan/.m2/repository/org/springframework/hateoas/spring-hateoas/2.5.1/spring-hateoas-2.5.1.jar:/Users/anthonygnolan/.m2/repository/org/springframework/spring-aop/6.2.10/spring-aop-6.2.10.jar:/Users/anthonygnolan/.m2/repository/org/springframework/spring-beans/6.2.10/spring-beans-6.2.10.jar:/Users/anthonygnolan/.m2/repository/org/springframework/spring-context/6.2.10/spring-context-6.2.10.jar:/Users/anthonygnolan/.m2/repository/org/springframework/plugin/spring-plugin-core/3.0.0/spring-plugin-core-3.0.0.jar:/Users/anthonygnolan/.m2/repository/org/slf4j/slf4j-api/2.0.17/slf4j-api-2.0.17.jar:/Users/anthonygnolan/.m2/repository/org/springframework/boot/spring-boot-starter-web/3.5.5/spring-boot-starter-web-3.5.5.jar:/Users/anthonygnolan/.m2/repository/org/springframework/boot/spring-boot-starter/3.5.5/spring-boot-starter-3.5.5.jar:/Users/anthonygnolan/.m2/repository/org/springframework/boot/spring-boot/3.5.5/spring-boot-3.5.5.jar:/Users/anthonygnolan/.m2/repository/org/springframework/boot/spring-boot-autoconfigure/3.5.5/spring-boot-autoconfigure-3.5.5.jar:/Users/anthonygnolan/.m2/repository/org/springframework/boot/spring-boot-starter-logging/3.5.5/spring-boot-starter-logging-3.5.5.jar:/Users/anthonygnolan/.m2/repository/ch/qos/logback/logback-classic/1.5.18/logback-classic-1.5.18.jar:/Users/anthonygnolan/.m2/repository/ch/qos/logback/logback-core/1.5.18/logback-core-1.5.18.jar:/Users/anthonygnolan/.m2/repository/org/apache/logging/log4j/log4j-to-slf4j/2.24.3/log4j-to-slf4j-2.24.3.jar:/Users/anthonygnolan/.m2/repository/org/apache/logging/log4j/log4j-api/2.24.3/log4j-api-2.24.3.jar:/Users/anthonygnolan/.m2/repository/org/slf4j/jul-to-slf4j/2.0.17/jul-to-slf4j-2.0.17.jar:/Users/anthonygnolan/.m2/repository/jakarta/annotation/jakarta.annotation-api/2.1.1/jakarta.annotation-api-2.1.1.jar:/Users/anthonygnolan/.m2/repository/org/yaml/snakeyaml/2.4/snakeyaml-2.4.jar:/Users/anthonygnolan/.m2/repository/org/springframework/boot/spring-boot-starter-json/3.5.5/spring-boot-starter-json-3.5.5.jar:/Users/anthonygnolan/.m2/repository/com/fasterxml/jackson/core/jackson-databind/2.19.2/jackson-databind-2.19.2.jar:/Users/anthonygnolan/.m2/repository/com/fasterxml/jackson/core/jackson-annotations/2.19.2/jackson-annotations-2.19.2.jar:/Users/anthonygnolan/.m2/repository/com/fasterxml/jackson/core/jackson-core/2.19.2/jackson-core-2.19.2.jar:/Users/anthonygnolan/.m2/repository/com/fasterxml/jackson/datatype/jackson-datatype-jdk8/2.19.2/jackson-datatype-jdk8-2.19.2.jar:/Users/anthonygnolan/.m2/repository/com/fasterxml/jackson/datatype/jackson-datatype-jsr310/2.19.2/jackson-datatype-jsr310-2.19.2.jar:/Users/anthonygnolan/.m2/repository/com/fasterxml/jackson/module/jackson-module-parameter-names/2.19.2/jackson-module-parameter-names-2.19.2.jar:/Users/anthonygnolan/.m2/repository/org/springframework/boot/spring-boot-starter-tomcat/3.5.5/spring-boot-starter-tomcat-3.5.5.jar:/Users/anthonygnolan/.m2/repository/org/apache/tomcat/embed/tomcat-embed-core/10.1.44/tomcat-embed-core-10.1.44.jar:/Users/anthonygnolan/.m2/repository/org/apache/tomcat/embed/tomcat-embed-el/10.1.44/tomcat-embed-el-10.1.44.jar:/Users/anthonygnolan/.m2/repository/org/apache/tomcat/embed/tomcat-embed-websocket/10.1.44/tomcat-embed-websocket-10.1.44.jar:/Users/anthonygnolan/.m2/repository/org/springframework/spring-web/6.2.10/spring-web-6.2.10.jar:/Users/anthonygnolan/.m2/repository/io/micrometer/micrometer-observation/1.15.3/micrometer-observation-1.15.3.jar:/Users/anthonygnolan/.m2/repository/io/micrometer/micrometer-commons/1.15.3/micrometer-commons-1.15.3.jar:/Users/anthonygnolan/.m2/repository/org/springframework/spring-webmvc/6.2.10/spring-webmvc-6.2.10.jar:/Users/anthonygnolan/.m2/repository/org/springframework/spring-expression/6.2.10/spring-expression-6.2.10.jar:/Users/anthonygnolan/.m2/repository/org/springframework/boot/spring-boot-starter-test/3.5.5/spring-boot-starter-test-3.5.5.jar:/Users/anthonygnolan/.m2/repository/org/springframework/boot/spring-boot-test/3.5.5/spring-boot-test-3.5.5.jar:/Users/anthonygnolan/.m2/repository/org/springframework/boot/spring-boot-test-autoconfigure/3.5.5/spring-boot-test-autoconfigure-3.5.5.jar:/Users/anthonygnolan/.m2/repository/com/jayway/jsonpath/json-path/2.9.0/json-path-2.9.0.jar:/Users/anthonygnolan/.m2/repository/jakarta/xml/bind/jakarta.xml.bind-api/4.0.2/jakarta.xml.bind-api-4.0.2.jar:/Users/anthonygnolan/.m2/repository/jakarta/activation/jakarta.activation-api/2.1.3/jakarta.activation-api-2.1.3.jar:/Users/anthonygnolan/.m2/repository/net/minidev/json-smart/2.5.2/json-smart-2.5.2.jar:/Users/anthonygnolan/.m2/repository/net/minidev/accessors-smart/2.5.2/accessors-smart-2.5.2.jar:/Users/anthonygnolan/.m2/repository/org/ow2/asm/asm/9.7.1/asm-9.7.1.jar:/Users/anthonygnolan/.m2/repository/org/assertj/assertj-core/3.27.4/assertj-core-3.27.4.jar:/Users/anthonygnolan/.m2/repository/net/bytebuddy/byte-buddy/1.17.7/byte-buddy-1.17.7.jar:/Users/anthonygnolan/.m2/repository/org/awaitility/awaitility/4.2.2/awaitility-4.2.2.jar:/Users/anthonygnolan/.m2/repository/org/hamcrest/hamcrest/3.0/hamcrest-3.0.jar:/Users/anthonygnolan/.m2/repository/org/junit/jupiter/junit-jupiter/5.12.2/junit-jupiter-5.12.2.jar:/Users/anthonygnolan/.m2/repository/org/junit/jupiter/junit-jupiter-api/5.12.2/junit-jupiter-api-5.12.2.jar:/Users/anthonygnolan/.m2/repository/org/opentest4j/opentest4j/1.3.0/opentest4j-1.3.0.jar:/Users/anthonygnolan/.m2/repository/org/junit/jupiter/junit-jupiter-params/5.12.2/junit-jupiter-params-5.12.2.jar:/Users/anthonygnolan/.m2/repository/org/junit/jupiter/junit-jupiter-engine/5.12.2/junit-jupiter-engine-5.12.2.jar:/Users/anthonygnolan/.m2/repository/org/junit/platform/junit-platform-engine/1.12.2/junit-platform-engine-1.12.2.jar:/Users/anthonygnolan/.m2/repository/org/mockito/mockito-core/5.17.0/mockito-core-5.17.0.jar:/Users/anthonygnolan/.m2/repository/net/bytebuddy/byte-buddy-agent/1.17.7/byte-buddy-agent-1.17.7.jar:/Users/anthonygnolan/.m2/repository/org/objenesis/objenesis/3.3/objenesis-3.3.jar:/Users/anthonygnolan/.m2/repository/org/mockito/mockito-junit-jupiter/5.17.0/mockito-junit-jupiter-5.17.0.jar:/Users/anthonygnolan/.m2/repository/org/skyscreamer/jsonassert/1.5.3/jsonassert-1.5.3.jar:/Users/anthonygnolan/.m2/repository/com/vaadin/external/google/android-json/0.0.20131108.vaadin1/android-json-0.0.20131108.vaadin1.jar:/Users/anthonygnolan/.m2/repository/org/springframework/spring-core/6.2.10/spring-core-6.2.10.jar:/Users/anthonygnolan/.m2/repository/org/springframework/spring-jcl/6.2.10/spring-jcl-6.2.10.jar:/Users/anthonygnolan/.m2/repository/org/springframework/spring-test/6.2.10/spring-test-6.2.10.jar:/Users/anthonygnolan/.m2/repository/org/xmlunit/xmlunit-core/2.10.3/xmlunit-core-2.10.3.jar:/Users/anthonygnolan/.m2/repository/org/springframework/restdocs/spring-restdocs-mockmvc/3.0.5/spring-restdocs-mockmvc-3.0.5.jar:/Users/anthonygnolan/.m2/repository/org/springframework/restdocs/spring-restdocs-core/3.0.5/spring-restdocs-core-3.0.5.jar:/Users/anthonygnolan/.m2/repository/jakarta/servlet/jakarta.servlet-api/6.0.0/jakarta.servlet-api-6.0.0.jar:/Users/anthonygnolan/.m2/repository/org/junit/platform/junit-platform-suite-api/6.0.0-RC1/junit-platform-suite-api-6.0.0-RC1.jar:/Users/anthonygnolan/.m2/repository/org/junit/platform/junit-platform-commons/1.12.2/junit-platform-commons-1.12.2.jar:/Users/anthonygnolan/.m2/repository/org/apiguardian/apiguardian-api/1.1.2/apiguardian-api-1.1.2.jar:/Users/anthonygnolan/.m2/repository/org/jspecify/jspecify/1.0.0/jspecify-1.0.0.jar:"/>
    <property name="sun.cpu.endian" value="little"/>
    <property name="user.home" value="/Users/anthonygnolan"/>
    <property name="user.language" value="en"/>
    <property name="java.specification.vendor" value="Oracle Corporation"/>
    <property name="java.version.date" value="2025-07-15"/>
    <property name="java.home" value="/Users/anthonygnolan/Library/Java/JavaVirtualMachines/corretto-21.0.8/Contents/Home"/>
    <property name="file.separator" value="/"/>
    <property name="basedir" value="/Users/anthonygnolan/Developer/anthonygnolan/spring-maven"/>
    <property name="style.color" value="always"/>
    <property name="java.vm.compressedOopsMode" value="Zero based"/>
    <property name="line.separator" value="&#xA;"/>
    <property name="java.vm.specification.vendor" value="Oracle Corporation"/>
    <property name="java.specification.name" value="Java Platform API Specification"/>
    <property name="FILE_LOG_CHARSET" value="UTF-8"/>
    <property name="java.awt.headless" value="true"/>
    <property name="apple.awt.application.name" value="ForkedBooter"/>
    <property name="surefire.real.class.path" value="/Users/anthonygnolan/Developer/anthonygnolan/spring-maven/target/surefire/surefirebooter-20250823173324217_3.jar"/>
    <property name="sun.management.compiler" value="HotSpot 64-Bit Tiered Compilers"/>
    <property name="ftp.nonProxyHosts" value="local|*.local|169.254/16|*.169.254/16"/>
    <property name="java.runtime.version" value="21.0.8+9-LTS"/>
    <property name="user.name" value="anthonygnolan"/>
    <property name="stdout.encoding" value="UTF-8"/>
    <property name="path.separator" value=":"/>
    <property name="os.version" value="15.6"/>
    <property name="java.runtime.name" value="OpenJDK Runtime Environment"/>
    <property name="file.encoding" value="UTF-8"/>
    <property name="java.vm.name" value="OpenJDK 64-Bit Server VM"/>
    <property name="java.vendor.version" value="Corretto-21.0.8.9.1"/>
    <property name="maven.ext.class.path" value="/Applications/IntelliJ IDEA Ultimate.app/Contents/plugins/maven/lib/maven-event-listener.jar"/>
    <property name="localRepository" value="/Users/anthonygnolan/.m2/repository"/>
    <property name="java.vendor.url.bug" value="https://github.com/corretto/corretto-21/issues/"/>
    <property name="java.io.tmpdir" value="/var/folders/1h/f5fl57z54sg4m1bbt29g1s500000gn/T/"/>
    <property name="idea.version" value="2025.2"/>
    <property name="catalina.home" value="/private/var/folders/1h/f5fl57z54sg4m1bbt29g1s500000gn/T/tomcat.8080.16984489487852852540"/>
    <property name="java.version" value="21.0.8"/>
    <property name="user.dir" value="/Users/anthonygnolan/Developer/anthonygnolan/spring-maven"/>
    <property name="os.arch" value="aarch64"/>
    <property name="jansi.passthrough" value="true"/>
    <property name="java.vm.specification.name" value="Java Virtual Machine Specification"/>
    <property name="PID" value="11373"/>
    <property name="CONSOLE_LOG_CHARSET" value="UTF-8"/>
    <property name="catalina.base" value="/private/var/folders/1h/f5fl57z54sg4m1bbt29g1s500000gn/T/tomcat.8080.16984489487852852540"/>
    <property name="native.encoding" value="UTF-8"/>
    <property name="java.library.path" value="/Users/anthonygnolan/Library/Java/Extensions:/Library/Java/Extensions:/Network/Library/Java/Extensions:/System/Library/Java/Extensions:/usr/lib/java:."/>
    <property name="java.vm.info" value="mixed mode, sharing"/>
    <property name="stderr.encoding" value="UTF-8"/>
    <property name="java.vendor" value="Amazon.com Inc."/>
    <property name="java.vm.version" value="21.0.8+9-LTS"/>
    <property name="sun.io.unicode.encoding" value="UnicodeBig"/>
    <property name="socksNonProxyHosts" value="local|*.local|169.254/16|*.169.254/16"/>
    <property name="java.class.version" value="65.0"/>
  </properties>
  <testcase name="My method Test" classname="ApplicationTest" file="src/test/java/com/example/springmaven/ApplicationTest.java" time="0.483">
    <system-out>17:33:24.882 [main] INFO org.springframework.test.context.support.AnnotationConfigContextLoaderUtils -- Could not detect default configuration classes for test class [com.example.springmaven.ApplicationTest]: ApplicationTest does not declare any static, non-private, non-final, nested classes annotated with @Configuration.
17:33:24.981 [main] INFO org.springframework.boot.test.context.SpringBootTestContextBootstrapper -- Found @SpringBootConfiguration com.example.springmaven.Application for test class com.example.springmaven.ApplicationTest

  .   ____          _            __ _ _
 /\\ / ___'_ __ _ _(_)_ __  __ _ \ \ \ \
( ( )\___ | '_ | '_| | '_ \/ _` | \ \ \ \
 \\/  ___)| |_)| | | | | || (_| |  ) ) ) )
  '  |____| .__|_| |_|_| |_\__, | / / / /
 =========|_|==============|___/=/_/_/_/

 :: Spring Boot ::                (v3.5.5)

2025-08-23T17:33:25.346+01:00  INFO 11373 --- [           main] c.example.springmaven.ApplicationTest    : Starting ApplicationTest using Java 21.0.8 with PID 11373 (started by anthonygnolan in /Users/anthonygnolan/Developer/anthonygnolan/spring-maven)
2025-08-23T17:33:25.346+01:00  INFO 11373 --- [           main] c.example.springmaven.ApplicationTest    : No active profile set, falling back to 1 default profile: "default"
2025-08-23T17:33:26.149+01:00  INFO 11373 --- [           main] c.example.springmaven.ApplicationTest    : Started ApplicationTest in 1.042 seconds (process running for 1.878)
2025-08-23T17:33:26.636+01:00  WARN 11373 --- [           main] com.example.springmaven.Application      : I just got executed!
</system-out>
    <system-err>Mockito is currently self-attaching to enable the inline-mock-maker. This will no longer work in future releases of the JDK. Please add Mockito as an agent to your build as described in Mockito's documentation: https://javadoc.io/doc/org.mockito/mockito-core/latest/org.mockito/org/mockito/Mockito.html#0.3
WARNING: A Java agent has been loaded dynamically (/Users/anthonygnolan/.m2/repository/net/bytebuddy/byte-buddy-agent/1.17.7/byte-buddy-agent-1.17.7.jar)
WARNING: If a serviceability tool is in use, please run with -XX:+EnableDynamicAgentLoading to hide this warning
WARNING: If a serviceability tool is not in use, please run with -Djdk.instrument.traceUsage for more information
WARNING: Dynamic loading of agents will be disallowed by default in a future release
</system-err>
  </testcase>
  <testcase name="contextLoads" classname="ApplicationTest" file="src/test/java/com/example/springmaven/ApplicationTest.java" time="0.339">
    <system-out>
  .   ____          _            __ _ _
 /\\ / ___'_ __ _ _(_)_ __  __ _ \ \ \ \
( ( )\___ | '_ | '_| | '_ \/ _` | \ \ \ \
 \\/  ___)| |_)| | | | | || (_| |  ) ) ) )
  '  |____| .__|_| |_|_| |_\__, | / / / /
 =========|_|==============|___/=/_/_/_/

 :: Spring Boot ::                (v3.5.5)

2025-08-23T17:33:26.660+01:00  INFO 11373 --- [           main] com.example.springmaven.Application      : Starting Application using Java 21.0.8 with PID 11373 (started by anthonygnolan in /Users/anthonygnolan/Developer/anthonygnolan/spring-maven)
2025-08-23T17:33:26.660+01:00  INFO 11373 --- [           main] com.example.springmaven.Application      : No active profile set, falling back to 1 default profile: "default"
2025-08-23T17:33:26.823+01:00  INFO 11373 --- [           main] o.s.b.w.embedded.tomcat.TomcatWebServer  : Tomcat initialized with port 8080 (http)
2025-08-23T17:33:26.840+01:00  INFO 11373 --- [           main] o.apache.catalina.core.StandardService   : Starting service [Tomcat]
2025-08-23T17:33:26.841+01:00  INFO 11373 --- [           main] o.apache.catalina.core.StandardEngine    : Starting Servlet engine: [Apache Tomcat/10.1.44]
2025-08-23T17:33:26.870+01:00  INFO 11373 --- [           main] o.a.c.c.C.[Tomcat].[localhost].[/]       : Initializing Spring embedded WebApplicationContext
2025-08-23T17:33:26.871+01:00  INFO 11373 --- [           main] w.s.c.ServletWebServerApplicationContext : Root WebApplicationContext: initialization completed in 209 ms
2025-08-23T17:33:26.975+01:00  INFO 11373 --- [           main] o.s.b.w.embedded.tomcat.TomcatWebServer  : Tomcat started on port 8080 (http) with context path '/'
2025-08-23T17:33:26.978+01:00  INFO 11373 --- [           main] com.example.springmaven.Application      : Started Application in 0.334 seconds (process running for 2.707)
</system-out>
  </testcase>
</testsuite>